#
# A fatal error has been detected by the Java Runtime Environment:
#
#  Internal Error (0xc0000028), pid=4724, tid=2720
#
# JRE version: Java(TM) SE Runtime Environment (8.0_25-b18) (build 1.8.0_25-b18)
# Java VM: Java HotSpot(TM) 64-Bit Server VM (25.25-b02 mixed mode windows-amd64 compressed oops)
# Problematic frame:
# C  [ntdll.dll+0xa47b0]
#
# Failed to write core dump. Minidumps are not enabled by default on client versions of Windows
#
# If you would like to submit a bug report, please visit:
#   http://bugreport.sun.com/bugreport/crash.jsp
# The crash happened outside the Java Virtual Machine in native code.
# See problematic frame for where to report the bug.
#

---------------  T H R E A D  ---------------

Current thread (0x000000001a257800):  JavaThread "Thread-2" [_thread_in_native, id=2720, stack(0x000000001f8e0000,0x000000001f9e0000)]

siginfo: ExceptionCode=0xc0000028

Registers:
RAX=0x76a696b6000000bd, RBX=0x00000000c0000028, RCX=0x00000000000000bd, RDX=0x000000006e5ba665
RSP=0x000000001f9dc6d0, RBP=0x000000001f9dc7d0, RSI=0x000000006eddf52c, RDI=0x000000001f9dcfc0
R8 =0x0000000000000004, R9 =0x00000001001620f0, R10=0x000000001a257800, R11=0x0000000000000004
R12=0x000000006ed98baa, R13=0x000000001f9dce30, R14=0x000000001f9dd350, R15=0x000000001f9dd3b0
RIP=0x00007ff89e9947b0, EFLAGS=0x0000000000000202

Top of Stack: (sp=0x000000001f9dc6d0)
0x000000001f9dc6d0:   00000000022e9be0 000000002375e148
0x000000001f9dc6e0:   00000000c0000028 0000000002385bd0
0x000000001f9dc6f0:   00000001c0000028 0000000000000000
0x000000001f9dc700:   00007ff89e9947b0 0000000000000000
0x000000001f9dc710:   0000000000000000 0000000000cae814
0x000000001f9dc720:   000000001a964600 000000006e527ee6
0x000000001f9dc730:   000000001a964600 000000006e528121
0x000000001f9dc740:   0000000000000000 000000001f9dc828
0x000000001f9dc750:   00000000022f4bb0 000000006e5306f0
0x000000001f9dc760:   00000000022e9be0 000000006e5282fa
0x000000001f9dc770:   0000000002385bd0 0000000076a696b6
0x000000001f9dc780:   00000000194f7b00 0000000000000000
0x000000001f9dc790:   0000000000000000 0000000000000000
0x000000001f9dc7a0:   0000000076a696b6 000000001a257800
0x000000001f9dc7b0:   00000001001620f0 000000006e531a5a
0x000000001f9dc7c0:   00001fa00010000f 0053002b002b0033 

Instructions: (pc=0x00007ff89e9947b0)
0x00007ff89e994790:   48 89 5c 24 10 55 48 8d ac 24 70 fb ff ff 48 81
0x00007ff89e9947a0:   ec 90 05 00 00 8b d9 48 8d 4d c0 e8 f0 41 00 00
0x00007ff89e9947b0:   48 8b 85 b8 00 00 00 48 8d 55 c0 33 c9 48 89 44
0x00007ff89e9947c0:   24 30 48 89 4c 24 28 89 4c 24 38 89 5c 24 20 c7 


Register to memory mapping:

RAX=0x76a696b6000000bd is an unknown value
RBX=0x00000000c0000028 is an unallocated location in the heap
RCX=0x00000000000000bd is an unknown value
RDX=0x000000006e5ba665 is an unknown value
RSP=0x000000001f9dc6d0 is pointing into the stack for thread: 0x000000001a257800
RBP=0x000000001f9dc7d0 is pointing into the stack for thread: 0x000000001a257800
RSI=0x000000006eddf52c is an unknown value
RDI=0x000000001f9dcfc0 is pointing into the stack for thread: 0x000000001a257800
R8 =0x0000000000000004 is an unknown value
R9 =0x00000001001620f0 is pointing into metadata
R10=0x000000001a257800 is a thread
R11=0x0000000000000004 is an unknown value
R12=0x000000006ed98baa is an unknown value
R13=0x000000001f9dce30 is pointing into the stack for thread: 0x000000001a257800
R14=0x000000001f9dd350 is pointing into the stack for thread: 0x000000001a257800
R15=0x000000001f9dd3b0 is pointing into the stack for thread: 0x000000001a257800


Stack: [0x000000001f8e0000,0x000000001f9e0000],  sp=0x000000001f9dc6d0,  free space=1009k
Native frames: (J=compiled Java code, j=interpreted, Vv=VM code, C=native code)
C  [ntdll.dll+0xa47b0]
C  [ntdll.dll+0xb4c16]
C  [msvcr100.dll+0x78baa]
C  [t2k.dll+0x2fd15]
C  [t2k.dll+0x192ac]
C  [t2k.dll+0x2c937]
C  [t2k.dll+0x2cc61]
C  [t2k.dll+0x2e947]
C  [t2k.dll+0x2578c]
C  [t2k.dll+0x2815c]
C  [t2k.dll+0x1a4aa]
C  0x000000000276ed30

Java frames: (J=compiled Java code, j=interpreted, Vv=VM code)
J 847  sun.font.T2KFontScaler.getGlyphMetricsNative(Lsun/font/Font2D;JJILjava/awt/geom/Point2D$Float;)V (0 bytes) @ 0x000000000276ecb2 [0x000000000276ec40+0x72]
J 846 C1 sun.font.T2KFontScaler.getGlyphMetrics(JILjava/awt/geom/Point2D$Float;)V (45 bytes) @ 0x000000000277f924 [0x000000000277f340+0x5e4]
J 799 C1 sun.font.FileFontStrike.getGlyphMetrics(IZ)Ljava/awt/geom/Point2D$Float; (277 bytes) @ 0x000000000275d9f4 [0x000000000275cde0+0xc14]
J 798 C1 sun.font.FileFontStrike.getGlyphMetrics(I)Ljava/awt/geom/Point2D$Float; (7 bytes) @ 0x000000000275c904 [0x000000000275c880+0x84]
v  ~StubRoutines::call_stub
j  sun.font.SunLayoutEngine.nativeLayout(Lsun/font/Font2D;Lsun/font/FontStrike;[FII[CIIIIIIILjava/awt/geom/Point2D$Float;Lsun/font/GlyphLayout$GVData;JJ)V+0
j  sun.font.SunLayoutEngine.layout(Lsun/font/FontStrikeDesc;[FIILsun/font/TextRecord;ILjava/awt/geom/Point2D$Float;Lsun/font/GlyphLayout$GVData;)V+98
j  sun.font.GlyphLayout$EngineRecord.layout()V+95
j  sun.font.GlyphLayout.layout(Ljava/awt/Font;Ljava/awt/font/FontRenderContext;[CIIILsun/font/StandardGlyphVector;)Lsun/font/StandardGlyphVector;+541
j  sun.font.ExtendedTextSourceLabel.createGV()Lsun/font/StandardGlyphVector;+63
j  sun.font.ExtendedTextSourceLabel.getGV()Lsun/font/StandardGlyphVector;+9
j  sun.font.ExtendedTextSourceLabel.createLogicalBounds()Ljava/awt/geom/Rectangle2D;+1
j  sun.font.ExtendedTextSourceLabel.getAdvance()F+9
j  java.awt.font.TextLine.init()V+609
j  java.awt.font.TextLine.<init>(Ljava/awt/font/FontRenderContext;[Lsun/font/TextLineComponent;[F[CII[I[BZ)V+79
j  java.awt.font.TextLine.fastCreateTextLine(Ljava/awt/font/FontRenderContext;[CLjava/awt/Font;Lsun/font/CoreMetrics;Ljava/util/Map;)Ljava/awt/font/TextLine;+337
j  java.awt.font.TextLayout.fastInit([CLjava/awt/Font;Ljava/util/Map;Ljava/awt/font/FontRenderContext;)V+83
j  java.awt.font.TextLayout.<init>(Ljava/lang/String;Ljava/awt/Font;Ljava/awt/font/FontRenderContext;)V+124
j  sun.java2d.pipe.OutlineTextRenderer.drawString(Lsun/java2d/SunGraphics2D;Ljava/lang/String;DD)V+23
j  sun.java2d.pipe.GlyphListPipe.drawString(Lsun/java2d/SunGraphics2D;Ljava/lang/String;DD)V+24
j  sun.java2d.pipe.ValidatePipe.drawString(Lsun/java2d/SunGraphics2D;Ljava/lang/String;DD)V+17
j  sun.java2d.SunGraphics2D.drawString(Ljava/lang/String;II)V+68
j  GameState.Intro.draw(Ljava/awt/Graphics2D;)V+448
j  GameState.GameStateManager.draw(Ljava/awt/Graphics2D;)V+22
j  Main.GamePanel.draw()V+8
j  Main.GamePanel.run()V+59
j  java.lang.Thread.run()V+11
v  ~StubRoutines::call_stub

---------------  P R O C E S S  ---------------

Java Threads: ( => current thread )
  0x0000000020b6e800 JavaThread "Thread-0" daemon [_thread_in_native, id=12008, stack(0x0000000024260000,0x0000000024360000)]
  0x0000000021541000 JavaThread "Direct Clip" daemon [_thread_blocked, id=8788, stack(0x0000000023650000,0x0000000023750000)]
  0x00000000225ae000 JavaThread "Direct Clip" daemon [_thread_blocked, id=8652, stack(0x0000000023550000,0x0000000023650000)]
  0x0000000021014800 JavaThread "Direct Clip" daemon [_thread_blocked, id=6680, stack(0x0000000023250000,0x0000000023350000)]
  0x0000000020d76800 JavaThread "Direct Clip" daemon [_thread_blocked, id=8044, stack(0x0000000022180000,0x0000000022280000)]
  0x0000000020d75800 JavaThread "Java Sound Event Dispatcher" daemon [_thread_blocked, id=8200, stack(0x0000000021c40000,0x0000000021d40000)]
  0x00000000022d0800 JavaThread "DestroyJavaVM" [_thread_blocked, id=12036, stack(0x00000000021d0000,0x00000000022d0000)]
=>0x000000001a257800 JavaThread "Thread-2" [_thread_in_native, id=2720, stack(0x000000001f8e0000,0x000000001f9e0000)]
  0x000000001a20c800 JavaThread "AWT-EventQueue-0" [_thread_blocked, id=5296, stack(0x000000001f7e0000,0x000000001f8e0000)]
  0x000000001a1d0800 JavaThread "AWT-Shutdown" [_thread_blocked, id=8240, stack(0x000000001a9a0000,0x000000001aaa0000)]
  0x000000001971c000 JavaThread "Java2D Disposer" daemon [_thread_blocked, id=10492, stack(0x000000001a030000,0x000000001a130000)]
  0x00000000193dd800 JavaThread "Service Thread" daemon [_thread_blocked, id=7640, stack(0x0000000019d20000,0x0000000019e20000)]
  0x0000000019358000 JavaThread "C1 CompilerThread3" daemon [_thread_blocked, id=8624, stack(0x0000000019c20000,0x0000000019d20000)]
  0x000000001934e800 JavaThread "C2 CompilerThread2" daemon [_thread_blocked, id=10712, stack(0x0000000019b20000,0x0000000019c20000)]
  0x0000000019349800 JavaThread "C2 CompilerThread1" daemon [_thread_blocked, id=11816, stack(0x0000000019a20000,0x0000000019b20000)]
  0x0000000019346800 JavaThread "C2 CompilerThread0" daemon [_thread_blocked, id=10896, stack(0x0000000019920000,0x0000000019a20000)]
  0x0000000019345000 JavaThread "Attach Listener" daemon [_thread_blocked, id=3112, stack(0x0000000019820000,0x0000000019920000)]
  0x0000000019344800 JavaThread "Signal Dispatcher" daemon [_thread_blocked, id=4140, stack(0x0000000019720000,0x0000000019820000)]
  0x00000000023c9000 JavaThread "Finalizer" daemon [_thread_blocked, id=3044, stack(0x0000000019220000,0x0000000019320000)]
  0x00000000023c2000 JavaThread "Reference Handler" daemon [_thread_blocked, id=11648, stack(0x0000000019120000,0x0000000019220000)]

Other Threads:
  0x0000000017359000 VMThread [stack: 0x0000000019020000,0x0000000019120000] [id=7660]
  0x00000000193e0000 WatcherThread [stack: 0x0000000019e20000,0x0000000019f20000] [id=1684]

VM state:not at safepoint (normal execution)

VM Mutex/Monitor currently owned by a thread: None

Heap:
 PSYoungGen      total 61952K, used 60617K [0x00000000d5e00000, 0x00000000da480000, 0x0000000100000000)
  eden space 56832K, 98% used [0x00000000d5e00000,0x00000000d94727b0,0x00000000d9580000)
  from space 5120K, 95% used [0x00000000d9e80000,0x00000000da340030,0x00000000da380000)
  to   space 1024K, 0% used [0x00000000da380000,0x00000000da380000,0x00000000da480000)
 ParOldGen       total 189440K, used 154676K [0x0000000081a00000, 0x000000008d300000, 0x00000000d5e00000)
  object space 189440K, 81% used [0x0000000081a00000,0x000000008b10d1f8,0x000000008d300000)
 Metaspace       used 11442K, capacity 11660K, committed 12032K, reserved 1060864K
  class space    used 1351K, capacity 1420K, committed 1536K, reserved 1048576K

Card table byte_map: [0x0000000011790000,0x0000000011b90000] byte_map_base: 0x0000000011383000

Marking Bits: (ParMarkBitMap*) 0x000000006ec9d490
 Begin Bits: [0x0000000012640000, 0x00000000145d8000)
 End Bits:   [0x00000000145d8000, 0x0000000016570000)

Polling page: 0x0000000000490000

CodeCache: size=245760Kb used=4051Kb max_used=4051Kb free=241708Kb
 bounds [0x00000000023d0000, 0x00000000027d0000, 0x00000000113d0000]
 total_blobs=1473 nmethods=959 adapters=428
 compilation: enabled

Compilation events (10 events):
Event: 6.674 Thread 0x0000000019358000  956       3       java.awt.Font::getStringBounds (259 bytes)
Event: 6.675 Thread 0x0000000019358000 nmethod 956 0x00000000027b9410 code [0x00000000027b9840, 0x00000000027bc0f8]
Event: 6.699 Thread 0x0000000019358000  957   !   3       sun.dc.DuctusRenderingEngine::getAATileGenerator (1189 bytes)
Event: 6.704 Thread 0x0000000019358000 nmethod 957 0x00000000027bd790 code [0x00000000027be020, 0x00000000027c3198]
Event: 6.822 Thread 0x0000000019358000  958       1       java.nio.HeapByteBuffer::_get (7 bytes)
Event: 6.823 Thread 0x0000000019358000 nmethod 958 0x00000000027b3d50 code [0x00000000027b3ea0, 0x00000000027b3fd0]
Event: 6.823 Thread 0x0000000019358000  960       3       java.nio.HeapByteBuffer::ix (7 bytes)
Event: 6.823 Thread 0x0000000019358000 nmethod 960 0x00000000027c6dd0 code [0x00000000027c6f20, 0x00000000027c7070]
Event: 6.823 Thread 0x0000000019358000  959       3       java.nio.Buffer::hasRemaining (17 bytes)
Event: 6.823 Thread 0x0000000019358000 nmethod 959 0x00000000027c70d0 code [0x00000000027c7220, 0x00000000027c73d0]

GC Heap History (8 events):
Event: 0.449 GC heap before
{Heap before GC invocations=1 (full 0):
 PSYoungGen      total 38400K, used 30851K [0x00000000d5e00000, 0x00000000d8880000, 0x0000000100000000)
  eden space 33280K, 92% used [0x00000000d5e00000,0x00000000d7c20ce0,0x00000000d7e80000)
  from space 5120K, 0% used [0x00000000d8380000,0x00000000d8380000,0x00000000d8880000)
  to   space 5120K, 0% used [0x00000000d7e80000,0x00000000d7e80000,0x00000000d8380000)
 ParOldGen       total 87552K, used 0K [0x0000000081a00000, 0x0000000086f80000, 0x00000000d5e00000)
  object space 87552K, 0% used [0x0000000081a00000,0x0000000081a00000,0x0000000086f80000)
 Metaspace       used 9923K, capacity 10158K, committed 10240K, reserved 1058816K
  class space    used 1188K, capacity 1261K, committed 1280K, reserved 1048576K
Event: 0.460 GC heap after
Heap after GC invocations=1 (full 0):
 PSYoungGen      total 38400K, used 1904K [0x00000000d5e00000, 0x00000000da900000, 0x0000000100000000)
  eden space 33280K, 0% used [0x00000000d5e00000,0x00000000d5e00000,0x00000000d7e80000)
  from space 5120K, 37% used [0x00000000d7e80000,0x00000000d805c1b8,0x00000000d8380000)
  to   space 5120K, 0% used [0x00000000da400000,0x00000000da400000,0x00000000da900000)
 ParOldGen       total 87552K, used 44558K [0x0000000081a00000, 0x0000000086f80000, 0x00000000d5e00000)
  object space 87552K, 50% used [0x0000000081a00000,0x0000000084583860,0x0000000086f80000)
 Metaspace       used 9923K, capacity 10158K, committed 10240K, reserved 1058816K
  class space    used 1188K, capacity 1261K, committed 1280K, reserved 1048576K
}
Event: 0.460 GC heap before
{Heap before GC invocations=2 (full 1):
 PSYoungGen      total 38400K, used 1904K [0x00000000d5e00000, 0x00000000da900000, 0x0000000100000000)
  eden space 33280K, 0% used [0x00000000d5e00000,0x00000000d5e00000,0x00000000d7e80000)
  from space 5120K, 37% used [0x00000000d7e80000,0x00000000d805c1b8,0x00000000d8380000)
  to   space 5120K, 0% used [0x00000000da400000,0x00000000da400000,0x00000000da900000)
 ParOldGen       total 87552K, used 44558K [0x0000000081a00000, 0x0000000086f80000, 0x00000000d5e00000)
  object space 87552K, 50% used [0x0000000081a00000,0x0000000084583860,0x0000000086f80000)
 Metaspace       used 9923K, capacity 10158K, committed 10240K, reserved 1058816K
  class space    used 1188K, capacity 1261K, committed 1280K, reserved 1048576K
Event: 0.476 GC heap after
Heap after GC invocations=2 (full 1):
 PSYoungGen      total 38400K, used 0K [0x00000000d5e00000, 0x00000000da900000, 0x0000000100000000)
  eden space 33280K, 0% used [0x00000000d5e00000,0x00000000d5e00000,0x00000000d7e80000)
  from space 5120K, 0% used [0x00000000d7e80000,0x00000000d7e80000,0x00000000d8380000)
  to   space 5120K, 0% used [0x00000000da400000,0x00000000da400000,0x00000000da900000)
 ParOldGen       total 115200K, used 16580K [0x0000000081a00000, 0x0000000088a80000, 0x00000000d5e00000)
  object space 115200K, 14% used [0x0000000081a00000,0x0000000082a31168,0x0000000088a80000)
 Metaspace       used 9922K, capacity 10156K, committed 10240K, reserved 1058816K
  class space    used 1187K, capacity 1260K, committed 1280K, reserved 1048576K
}
Event: 0.957 GC heap before
{Heap before GC invocations=3 (full 1):
 PSYoungGen      total 38400K, used 32927K [0x00000000d5e00000, 0x00000000da900000, 0x0000000100000000)
  eden space 33280K, 98% used [0x00000000d5e00000,0x00000000d7e27f40,0x00000000d7e80000)
  from space 5120K, 0% used [0x00000000d7e80000,0x00000000d7e80000,0x00000000d8380000)
  to   space 5120K, 0% used [0x00000000da400000,0x00000000da400000,0x00000000da900000)
 ParOldGen       total 115200K, used 16580K [0x0000000081a00000, 0x0000000088a80000, 0x00000000d5e00000)
  object space 115200K, 14% used [0x0000000081a00000,0x0000000082a31168,0x0000000088a80000)
 Metaspace       used 10642K, capacity 10828K, committed 11136K, reserved 1058816K
  class space    used 1273K, capacity 1356K, committed 1408K, reserved 1048576K
Event: 0.961 GC heap after
Heap after GC invocations=3 (full 1):
 PSYoungGen      total 48128K, used 4520K [0x00000000d5e00000, 0x00000000da880000, 0x0000000100000000)
  eden space 43520K, 0% used [0x00000000d5e00000,0x00000000d5e00000,0x00000000d8880000)
  from space 4608K, 98% used [0x00000000da400000,0x00000000da86a368,0x00000000da880000)
  to   space 5120K, 0% used [0x00000000d9e80000,0x00000000d9e80000,0x00000000da380000)
 ParOldGen       total 115200K, used 26860K [0x0000000081a00000, 0x0000000088a80000, 0x00000000d5e00000)
  object space 115200K, 23% used [0x0000000081a00000,0x000000008343b198,0x0000000088a80000)
 Metaspace       used 10642K, capacity 10828K, committed 11136K, reserved 1058816K
  class space    used 1273K, capacity 1356K, committed 1408K, reserved 1048576K
}
Event: 1.283 GC heap before
{Heap before GC invocations=4 (full 1):
 PSYoungGen      total 48128K, used 40992K [0x00000000d5e00000, 0x00000000da880000, 0x0000000100000000)
  eden space 43520K, 83% used [0x00000000d5e00000,0x00000000d819dde8,0x00000000d8880000)
  from space 4608K, 98% used [0x00000000da400000,0x00000000da86a368,0x00000000da880000)
  to   space 5120K, 0% used [0x00000000d9e80000,0x00000000d9e80000,0x00000000da380000)
 ParOldGen       total 115200K, used 26860K [0x0000000081a00000, 0x0000000088a80000, 0x00000000d5e00000)
  object space 115200K, 23% used [0x0000000081a00000,0x000000008343b198,0x0000000088a80000)
 Metaspace       used 10646K, capacity 10828K, committed 11136K, reserved 1058816K
  class space    used 1273K, capacity 1356K, committed 1408K, reserved 1048576K
Event: 1.288 GC heap after
Heap after GC invocations=4 (full 1):
 PSYoungGen      total 61952K, used 4864K [0x00000000d5e00000, 0x00000000da480000, 0x0000000100000000)
  eden space 56832K, 0% used [0x00000000d5e00000,0x00000000d5e00000,0x00000000d9580000)
  from space 5120K, 95% used [0x00000000d9e80000,0x00000000da340030,0x00000000da380000)
  to   space 1024K, 0% used [0x00000000da380000,0x00000000da380000,0x00000000da480000)
 ParOldGen       total 115200K, used 44084K [0x0000000081a00000, 0x0000000088a80000, 0x00000000d5e00000)
  object space 115200K, 38% used [0x0000000081a00000,0x000000008450d1d8,0x0000000088a80000)
 Metaspace       used 10646K, capacity 10828K, committed 11136K, reserved 1058816K
  class space    used 1273K, capacity 1356K, committed 1408K, reserved 1048576K
}

Deoptimization events (2 events):
Event: 0.946 Thread 0x000000001a257800 Uncommon trap: reason=uninitialized action=reinterpret pc=0x00000000026e69a0 method=javazoom.jl.decoder.Bitstream.readFrame()Ljavazoom/jl/decoder/Header; @ 33
Event: 3.086 Thread 0x000000001a257800 Uncommon trap: reason=unloaded action=reinterpret pc=0x0000000002714bec method=javazoom.jl.decoder.Header.read_header(Ljavazoom/jl/decoder/Bitstream;[Ljavazoom/jl/decoder/Crc16;)V @ 468

Internal exceptions (10 events):
Event: 3.105 Thread 0x000000001a257800 Exception <a 'java/lang/NullPointerException'> (0x00000000d7e76a58) thrown at [D:\re\workspace\8-2-build-windows-amd64-cygwin\jdk8u25\1677\hotspot\src\share\vm\interpreter\linkResolver.cpp, line 1178]
Event: 3.105 Thread 0x000000001a257800 Exception <a 'java/lang/NullPointerException'> (0x00000000d7e76cc8) thrown at [D:\re\workspace\8-2-build-windows-amd64-cygwin\jdk8u25\1677\hotspot\src\share\vm\interpreter\linkResolver.cpp, line 1178]
Event: 3.105 Thread 0x000000001a257800 Exception <a 'java/lang/NullPointerException'> (0x00000000d7e76f38) thrown at [D:\re\workspace\8-2-build-windows-amd64-cygwin\jdk8u25\1677\hotspot\src\share\vm\interpreter\linkResolver.cpp, line 1178]
Event: 3.105 Thread 0x000000001a257800 Exception <a 'java/lang/NullPointerException'> (0x00000000d7e771a8) thrown at [D:\re\workspace\8-2-build-windows-amd64-cygwin\jdk8u25\1677\hotspot\src\share\vm\interpreter\linkResolver.cpp, line 1178]
Event: 3.105 Thread 0x000000001a257800 Exception <a 'java/lang/NullPointerException'> (0x00000000d7e77418) thrown at [D:\re\workspace\8-2-build-windows-amd64-cygwin\jdk8u25\1677\hotspot\src\share\vm\interpreter\linkResolver.cpp, line 1178]
Event: 3.105 Thread 0x000000001a257800 Exception <a 'java/lang/NullPointerException'> (0x00000000d7e77688) thrown at [D:\re\workspace\8-2-build-windows-amd64-cygwin\jdk8u25\1677\hotspot\src\share\vm\interpreter\linkResolver.cpp, line 1178]
Event: 3.105 Thread 0x000000001a257800 Exception <a 'java/lang/NullPointerException'> (0x00000000d7e778f8) thrown at [D:\re\workspace\8-2-build-windows-amd64-cygwin\jdk8u25\1677\hotspot\src\share\vm\interpreter\linkResolver.cpp, line 1178]
Event: 3.122 Thread 0x000000001a257800 Exception <a 'java/security/PrivilegedActionException'> (0x00000000d7e7dfa0) thrown at [D:\re\workspace\8-2-build-windows-amd64-cygwin\jdk8u25\1677\hotspot\src\share\vm\prims\jvm.cpp, line 1312]
Event: 6.821 Thread 0x000000001a257800 Exception <a 'java/io/FileNotFoundException'> (0x00000000d9258e78) thrown at [D:\re\workspace\8-2-build-windows-amd64-cygwin\jdk8u25\1677\hotspot\src\share\vm\prims\jni.cpp, line 716]
Event: 6.823 Thread 0x000000001a257800 Exception <a 'java/io/FileNotFoundException'> (0x00000000d925c940) thrown at [D:\re\workspace\8-2-build-windows-amd64-cygwin\jdk8u25\1677\hotspot\src\share\vm\prims\jni.cpp, line 716]

Events (10 events):
Event: 6.823 loading class java/nio/channels/ClosedChannelException
Event: 6.823 loading class java/nio/channels/ClosedChannelException done
Event: 6.823 loading class java/util/concurrent/ConcurrentHashMap$ValueIterator
Event: 6.823 loading class java/util/concurrent/ConcurrentHashMap$BaseIterator
Event: 6.823 loading class java/util/concurrent/ConcurrentHashMap$Traverser
Event: 6.823 loading class java/util/concurrent/ConcurrentHashMap$Traverser done
Event: 6.823 loading class java/util/concurrent/ConcurrentHashMap$BaseIterator done
Event: 6.823 loading class java/util/concurrent/ConcurrentHashMap$ValueIterator done
Event: 6.824 loading class sun/font/NullFontScaler
Event: 6.824 loading class sun/font/NullFontScaler done


Dynamic libraries:
0x00007ff6e05e0000 - 0x00007ff6e0614000 	C:\Program Files\Java\jdk1.8.0_25\bin\java.exe
0x00007ff89e8f0000 - 0x00007ff89eab1000 	C:\WINDOWS\SYSTEM32\ntdll.dll
0x00007ff89cc10000 - 0x00007ff89ccbd000 	C:\WINDOWS\system32\KERNEL32.DLL
0x00007ff89b850000 - 0x00007ff89ba38000 	C:\WINDOWS\system32\KERNELBASE.dll
0x00007ff89c300000 - 0x00007ff89c3a7000 	C:\WINDOWS\system32\ADVAPI32.dll
0x00007ff89ca60000 - 0x00007ff89cafd000 	C:\WINDOWS\system32\msvcrt.dll
0x00007ff89cb00000 - 0x00007ff89cb5b000 	C:\WINDOWS\system32\sechost.dll
0x00007ff89c4d0000 - 0x00007ff89c5ec000 	C:\WINDOWS\system32\RPCRT4.dll
0x00007ff89c8a0000 - 0x00007ff89c9f6000 	C:\WINDOWS\system32\USER32.dll
0x00007ff89be10000 - 0x00007ff89bf96000 	C:\WINDOWS\system32\GDI32.dll
0x00007ff897170000 - 0x00007ff8973e4000 	C:\WINDOWS\WinSxS\amd64_microsoft.windows.common-controls_6595b64144ccf1df_6.0.10586.0_none_8c15ae12515e1c22\COMCTL32.dll
0x00007ff89c070000 - 0x00007ff89c2ed000 	C:\WINDOWS\system32\combase.dll
0x00007ff89bc30000 - 0x00007ff89bc9a000 	C:\WINDOWS\system32\bcryptPrimitives.dll
0x00007ff89c420000 - 0x00007ff89c45b000 	C:\WINDOWS\system32\IMM32.DLL
0x000000006ed20000 - 0x000000006edf2000 	C:\Program Files\Java\jdk1.8.0_25\jre\bin\msvcr100.dll
0x000000006e4c0000 - 0x000000006ed1a000 	C:\Program Files\Java\jdk1.8.0_25\jre\bin\server\jvm.dll
0x00007ff89c2f0000 - 0x00007ff89c2f8000 	C:\WINDOWS\system32\PSAPI.DLL
0x00007ff889bd0000 - 0x00007ff889bd9000 	C:\WINDOWS\SYSTEM32\WSOCK32.dll
0x00007ff899220000 - 0x00007ff899243000 	C:\WINDOWS\SYSTEM32\WINMM.dll
0x00007ff89c3b0000 - 0x00007ff89c41b000 	C:\WINDOWS\system32\WS2_32.dll
0x0000000000960000 - 0x000000000098c000 	C:\WINDOWS\SYSTEM32\WINMMBASE.dll
0x00007ff89bca0000 - 0x00007ff89bce3000 	C:\WINDOWS\system32\cfgmgr32.dll
0x0000000070200000 - 0x000000007020f000 	C:\Program Files\Java\jdk1.8.0_25\jre\bin\verify.dll
0x00000000700e0000 - 0x0000000070108000 	C:\Program Files\Java\jdk1.8.0_25\jre\bin\java.dll
0x000000006ef40000 - 0x000000006ef56000 	C:\Program Files\Java\jdk1.8.0_25\jre\bin\zip.dll
0x00007ff89d370000 - 0x00007ff89e8cf000 	C:\WINDOWS\system32\SHELL32.dll
0x00007ff89b200000 - 0x00007ff89b844000 	C:\WINDOWS\system32\windows.storage.dll
0x00007ff89ccc0000 - 0x00007ff89cd12000 	C:\WINDOWS\system32\shlwapi.dll
0x00007ff89af70000 - 0x00007ff89af7f000 	C:\WINDOWS\system32\kernel.appcore.dll
0x00007ff89bb70000 - 0x00007ff89bc25000 	C:\WINDOWS\system32\shcore.dll
0x00007ff89af10000 - 0x00007ff89af5b000 	C:\WINDOWS\system32\powrprof.dll
0x00007ff89af80000 - 0x00007ff89af94000 	C:\WINDOWS\system32\profapi.dll
0x000000006e320000 - 0x000000006e4b8000 	C:\Program Files\Java\jdk1.8.0_25\jre\bin\awt.dll
0x00007ff89bfa0000 - 0x00007ff89c061000 	C:\WINDOWS\system32\OLEAUT32.dll
0x00007ff899700000 - 0x00007ff899779000 	C:\WINDOWS\system32\apphelp.dll
0x00007ff898ea0000 - 0x00007ff898ec2000 	C:\WINDOWS\system32\DWMAPI.DLL
0x00007ff899890000 - 0x00007ff899926000 	C:\WINDOWS\system32\uxtheme.dll
0x00007ff89c5f0000 - 0x00007ff89c74a000 	C:\WINDOWS\system32\MSCTF.dll
0x00007ff89c750000 - 0x00007ff89c893000 	C:\WINDOWS\system32\ole32.dll
0x000000006eef0000 - 0x000000006ef37000 	C:\Program Files\Java\jdk1.8.0_25\jre\bin\fontmanager.dll
0x0000000180000000 - 0x0000000180025000 	C:\Program Files\Java\jdk1.8.0_25\jre\bin\rxtxSerial.dll
0x00007ff89a890000 - 0x00007ff89a8a7000 	C:\WINDOWS\SYSTEM32\CRYPTSP.dll
0x00007ff89a520000 - 0x00007ff89a554000 	C:\WINDOWS\system32\rsaenh.dll
0x00007ff89ae40000 - 0x00007ff89ae69000 	C:\WINDOWS\SYSTEM32\bcrypt.dll
0x00007ff89a670000 - 0x00007ff89a68f000 	C:\WINDOWS\SYSTEM32\USERENV.dll
0x00007ff89a9b0000 - 0x00007ff89a9bb000 	C:\WINDOWS\SYSTEM32\CRYPTBASE.dll
0x000000006e300000 - 0x000000006e31a000 	C:\Program Files\Java\jdk1.8.0_25\jre\bin\net.dll
0x00007ff89a7e0000 - 0x00007ff89a83c000 	C:\WINDOWS\system32\mswsock.dll
0x00007ff896d10000 - 0x00007ff896d48000 	C:\WINDOWS\SYSTEM32\IPHLPAPI.DLL
0x00007ff89bcf0000 - 0x00007ff89bcf8000 	C:\WINDOWS\system32\NSI.dll
0x00007ff896940000 - 0x00007ff896956000 	C:\WINDOWS\SYSTEM32\dhcpcsvc6.DLL
0x00007ff896920000 - 0x00007ff89693a000 	C:\WINDOWS\SYSTEM32\dhcpcsvc.DLL
0x000000006e2e0000 - 0x000000006e2f1000 	C:\Program Files\Java\jdk1.8.0_25\jre\bin\nio.dll
0x000000006e2a0000 - 0x000000006e2d1000 	C:\Program Files\Java\jdk1.8.0_25\jre\bin\jpeg.dll
0x000000006eee0000 - 0x000000006eeec000 	C:\Program Files\Java\jdk1.8.0_25\jre\bin\jsound.dll
0x000000006e290000 - 0x000000006e29b000 	C:\Program Files\Java\jdk1.8.0_25\jre\bin\jsoundds.dll
0x00007ff891fc0000 - 0x00007ff89205c000 	C:\WINDOWS\SYSTEM32\DSOUND.dll
0x00007ff896560000 - 0x00007ff8965d0000 	C:\WINDOWS\SYSTEM32\MMDevAPI.DLL
0x00007ff899930000 - 0x00007ff899957000 	C:\WINDOWS\SYSTEM32\DEVOBJ.dll
0x00007ff898f10000 - 0x00007ff899096000 	C:\WINDOWS\SYSTEM32\PROPSYS.dll
0x00007ff880a50000 - 0x00007ff880a92000 	C:\WINDOWS\SYSTEM32\wdmaud.drv
0x00007ff88ea00000 - 0x00007ff88ea08000 	C:\WINDOWS\SYSTEM32\ksuser.dll
0x00007ff894440000 - 0x00007ff89444b000 	C:\WINDOWS\SYSTEM32\AVRT.dll
0x00007ff887590000 - 0x00007ff887618000 	C:\WINDOWS\SYSTEM32\AUDIOSES.DLL
0x00007ff897af0000 - 0x00007ff897c26000 	C:\WINDOWS\SYSTEM32\wintypes.dll
0x00007ff88a710000 - 0x00007ff88a71c000 	C:\WINDOWS\SYSTEM32\msacm32.drv
0x00007ff888f70000 - 0x00007ff888f8c000 	C:\WINDOWS\SYSTEM32\MSACM32.dll
0x00007ff889d20000 - 0x00007ff889d2a000 	C:\WINDOWS\SYSTEM32\midimap.dll
0x00007ff89cb60000 - 0x00007ff89cc07000 	C:\WINDOWS\system32\clbcatq.dll
0x000000006e240000 - 0x000000006e281000 	C:\Program Files\Java\jdk1.8.0_25\jre\bin\t2k.dll
0x000000006e210000 - 0x000000006e23a000 	C:\Program Files\Java\jdk1.8.0_25\jre\bin\dcpr.dll
0x00007ff8799a0000 - 0x00007ff879b2c000 	C:\WINDOWS\SYSTEM32\dbghelp.dll

VM Arguments:
jvm_args: -Dfile.encoding=UTF-8 
java_command: Main.DeepSpace42
java_class_path (initial): C:\Users\Dav\Documents\NetBeansProjects\DeepSpace42\lib\jinput.jar;C:\Users\Dav\Documents\NetBeansProjects\DeepSpace42\lib\jl1.0.1.jar;C:\Users\Dav\Documents\NetBeansProjects\DeepSpace42\lib\mp3spi1.9.5.jar;C:\Users\Dav\Documents\NetBeansProjects\DeepSpace42\lib\slick.jar;C:\Users\Dav\Documents\NetBeansProjects\DeepSpace42\lib\tritonus_share.jar;C:\Users\Dav\Documents\NetBeansProjects\DeepSpace42\lib\imgscalr-lib-4.2.jar;C:\Users\Dav\Documents\NetBeansProjects\DeepSpace42\lib\common-lang3.jar;C:\Users\Dav\Documents\NetBeansProjects\DeepSpace42\build\classes
Launcher Type: SUN_STANDARD

Environment Variables:
PATH=C:\Program Files (x86)\Intel\iCLS Client\;C:\Program Files\Intel\iCLS Client\;C:\Windows\system32;C:\Windows;C:\Windows\System32\Wbem;C:\Windows\System32\WindowsPowerShell\v1.0\;C:\Program Files (x86)\Intel\Intel(R) Management Engine Components\DAL;C:\Program Files\Intel\Intel(R) Management Engine Components\DAL;C:\Program Files (x86)\Intel\Intel(R) Management Engine Components\IPT;C:\Program Files\Intel\Intel(R) Management Engine Components\IPT;C:\Program Files (x86)\NVIDIA Corporation\PhysX\Common;C:\Program Files\Intel\WiFi\bin\;C:\Program Files\Common Files\Intel\WirelessCommon\;%SystemRoot%\system32;%SystemRoot%;%SystemRoot%\System32\Wbem;%SYSTEMROOT%\System32\WindowsPowerShell\v1.0\
USERNAME=Dav
OS=Windows_NT
PROCESSOR_IDENTIFIER=Intel64 Family 6 Model 70 Stepping 1, GenuineIntel



---------------  S Y S T E M  ---------------

OS: Windows 8.1 , 64 bit Build 9600 

CPU:total 8 (4 cores per cpu, 2 threads per core) family 6 model 70 stepping 1, cmov, cx8, fxsr, mmx, sse, sse2, sse3, ssse3, sse4.1, sse4.2, popcnt, avx, avx2, aes, clmul, erms, lzcnt, ht, tsc, tscinvbit, bmi1, bmi2

Memory: 4k page, physical 8279268k(3020036k free), swap 9589988k(2468800k free)

vm_info: Java HotSpot(TM) 64-Bit Server VM (25.25-b02) for windows-amd64 JRE (1.8.0_25-b18), built on Oct  7 2014 14:25:37 by "java_re" with MS VC++ 10.0 (VS2010)

time: Thu Dec 17 04:48:38 2015
elapsed time: 6 seconds (0d 0h 0m 6s)

